<?xml version="1.0" encoding="UTF-8"?>
<testsuite xmlns:xsi="http://www.w3.org/2001/XMLSchema-instance" xsi:noNamespaceSchemaLocation="https://maven.apache.org/surefire/maven-surefire-plugin/xsd/surefire-test-report-3.0.xsd" version="3.0" name="com.darevel.dashboard.DashboardServiceApplicationTests" time="21.039" tests="1" errors="0" skipped="0" failures="0">
  <properties>
[...]
</properties>
  <testcase name="contextLoads" classname="com.darevel.dashboard.DashboardServiceApplicationTests" time="1.101">
    <system-out><![CDATA[17:41:03.397 [main] INFO org.springframework.test.context.support.AnnotationConfigContextLoaderUtils -- Could not detect default configuration classes for test class [com.darevel.dashboard.DashboardServiceApplicationTests]: DashboardServiceApplicationTests does not declare any static, non-private, non-final, nested classes annotated with @Configuration.
17:41:03.713 [main] INFO org.springframework.boot.test.context.SpringBootTestContextBootstrapper -- Found @SpringBootConfiguration com.darevel.dashboard.DashboardServiceApplication for test class com.darevel.dashboard.DashboardServiceApplicationTests

  .   ____          _            __ _ _
 /\\ / ___'_ __ _ _(_)_ __  __ _ \ \ \ \
( ( )\___ | '_ | '_| | '_ \/ _` | \ \ \ \
 \\/  ___)| |_)| | | | | || (_| |  ) ) ) )
  '  |____| .__|_| |_|_| |_\__, | / / / /
 =========|_|==============|___/=/_/_/_/
 :: Spring Boot ::                (v3.2.1)

2025-11-28T17:41:05.078+05:30  INFO 56748 --- [           main] c.d.d.DashboardServiceApplicationTests   : Starting DashboardServiceApplicationTests using Java 23.0.2 with PID 56748 (started by acer in C:\Users\acer\Downloads\darevel-final full stack\darevel-main\apps\dashboard\backend\dashboard-service)
2025-11-28T17:41:05.081+05:30  INFO 56748 --- [           main] c.d.d.DashboardServiceApplicationTests   : No active profile set, falling back to 1 default profile: "default"
2025-11-28T17:41:08.177+05:30  INFO 56748 --- [           main] .s.d.r.c.RepositoryConfigurationDelegate : Multiple Spring Data modules found, entering strict repository configuration mode
2025-11-28T17:41:08.182+05:30  INFO 56748 --- [           main] .s.d.r.c.RepositoryConfigurationDelegate : Bootstrapping Spring Data JPA repositories in DEFAULT mode.
2025-11-28T17:41:08.646+05:30  INFO 56748 --- [           main] .s.d.r.c.RepositoryConfigurationDelegate : Finished Spring Data repository scanning in 447 ms. Found 2 JPA repository interfaces.
2025-11-28T17:41:08.686+05:30  INFO 56748 --- [           main] .s.d.r.c.RepositoryConfigurationDelegate : Multiple Spring Data modules found, entering strict repository configuration mode
2025-11-28T17:41:08.691+05:30  INFO 56748 --- [           main] .s.d.r.c.RepositoryConfigurationDelegate : Bootstrapping Spring Data Redis repositories in DEFAULT mode.
2025-11-28T17:41:08.731+05:30  INFO 56748 --- [           main] .RepositoryConfigurationExtensionSupport : Spring Data Redis - Could not safely identify store assignment for repository candidate interface com.darevel.dashboard.repository.DashboardTeamConfigRepository; If you want this repository to be a Redis repository, consider annotating your entities with one of these annotations: org.springframework.data.redis.core.RedisHash (preferred), or consider extending one of the following types with your repository: org.springframework.data.keyvalue.repository.KeyValueRepository
2025-11-28T17:41:08.732+05:30  INFO 56748 --- [           main] .RepositoryConfigurationExtensionSupport : Spring Data Redis - Could not safely identify store assignment for repository candidate interface com.darevel.dashboard.repository.DashboardUserConfigRepository; If you want this repository to be a Redis repository, consider annotating your entities with one of these annotations: org.springframework.data.redis.core.RedisHash (preferred), or consider extending one of the following types with your repository: org.springframework.data.keyvalue.repository.KeyValueRepository
2025-11-28T17:41:08.733+05:30  INFO 56748 --- [           main] .s.d.r.c.RepositoryConfigurationDelegate : Finished Spring Data repository scanning in 19 ms. Found 0 Redis repository interfaces.
2025-11-28T17:41:09.312+05:30  INFO 56748 --- [           main] o.s.cloud.context.scope.GenericScope     : BeanFactory id=c94046e9-b772-3392-90ea-d9c786f64291
2025-11-28T17:41:11.041+05:30  INFO 56748 --- [           main] o.hibernate.jpa.internal.util.LogHelper  : HHH000204: Processing PersistenceUnitInfo [name: default]
2025-11-28T17:41:11.231+05:30  INFO 56748 --- [           main] org.hibernate.Version                    : HHH000412: Hibernate ORM core version 6.4.1.Final
2025-11-28T17:41:11.340+05:30  INFO 56748 --- [           main] o.h.c.internal.RegionFactoryInitiator    : HHH000026: Second-level cache disabled
2025-11-28T17:41:12.175+05:30  INFO 56748 --- [           main] o.s.o.j.p.SpringPersistenceUnitInfo      : No LoadTimeWeaver setup: ignoring JPA class transformer
2025-11-28T17:41:12.239+05:30  INFO 56748 --- [           main] com.zaxxer.hikari.HikariDataSource       : HikariPool-1 - Starting...
2025-11-28T17:41:12.683+05:30  INFO 56748 --- [           main] com.zaxxer.hikari.pool.HikariPool        : HikariPool-1 - Added connection conn0: url=jdbc:h2:mem:dashboard_test user=SA
2025-11-28T17:41:12.687+05:30  INFO 56748 --- [           main] com.zaxxer.hikari.HikariDataSource       : HikariPool-1 - Start completed.
2025-11-28T17:41:12.736+05:30  WARN 56748 --- [           main] org.hibernate.dialect.Dialect            : HHH000511: The 2.2.0 version for [org.hibernate.dialect.PostgreSQLDialect] is no longer supported, hence certain features may not work properly. The minimum supported version is 12.0.0. Check the community dialects project for available legacy versions.
2025-11-28T17:41:12.743+05:30  WARN 56748 --- [           main] org.hibernate.orm.deprecation            : HHH90000025: PostgreSQLDialect does not need to be specified explicitly using 'hibernate.dialect' (remove the property setting and it will be selected by default)
2025-11-28T17:41:14.895+05:30  INFO 56748 --- [           main] o.h.e.t.j.p.i.JtaPlatformInitiator       : HHH000489: No JTA platform available (set 'hibernate.transaction.jta.platform' to enable JTA platform integration)
2025-11-28T17:41:14.903+05:30  INFO 56748 --- [           main] j.LocalContainerEntityManagerFactoryBean : Initialized JPA EntityManagerFactory for persistence unit 'default'
2025-11-28T17:41:17.675+05:30  WARN 56748 --- [           main] JpaBaseConfiguration$JpaWebConfiguration : spring.jpa.open-in-view is enabled by default. Therefore, database queries may be performed during view rendering. Explicitly configure spring.jpa.open-in-view to disable this warning
2025-11-28T17:41:19.420+05:30  INFO 56748 --- [           main] o.s.b.a.e.web.EndpointLinksResolver      : Exposing 1 endpoint(s) beneath base path '/actuator'
2025-11-28T17:41:19.695+05:30  INFO 56748 --- [           main] o.s.s.web.DefaultSecurityFilterChain     : Will secure any request with [org.springframework.security.web.session.DisableEncodeUrlFilter@33a1bb90, org.springframework.security.web.context.request.async.WebAsyncManagerIntegrationFilter@520b547c, org.springframework.security.web.context.SecurityContextHolderFilter@116f823c, org.springframework.security.web.header.HeaderWriterFilter@26aecf31, org.springframework.web.filter.CorsFilter@79c4c973, org.springframework.security.web.authentication.logout.LogoutFilter@4e9b66ab, org.springframework.security.oauth2.server.resource.web.authentication.BearerTokenAuthenticationFilter@f1f41b5, org.springframework.security.web.savedrequest.RequestCacheAwareFilter@2f7af3d0, org.springframework.security.web.servletapi.SecurityContextHolderAwareRequestFilter@6d66a248, org.springframework.security.web.authentication.AnonymousAuthenticationFilter@18e0f894, org.springframework.security.web.access.ExceptionTranslationFilter@20c1cb0c, org.springframework.security.web.access.intercept.AuthorizationFilter@52364a6e]
2025-11-28T17:41:22.515+05:30  INFO 56748 --- [           main] c.d.d.DashboardServiceApplicationTests   : Started DashboardServiceApplicationTests in 18.424 seconds (process running for 21.464)
]]></system-out>
    <system-err><![CDATA[WARNING: A Java agent has been loaded dynamically (C:\Users\acer\.m2\repository\net\bytebuddy\byte-buddy-agent\1.14.10\byte-buddy-agent-1.14.10.jar)
WARNING: If a serviceability tool is in use, please run with -XX:+EnableDynamicAgentLoading to hide this warning
WARNING: If a serviceability tool is not in use, please run with -Djdk.instrument.traceUsage for more information
WARNING: Dynamic loading of agents will be disallowed by default in a future release
]]></system-err>
  </testcase>
</testsuite>